This is XeTeX, Version 3.14159265-2.6-0.99999 (TeX Live 2018/Arch Linux) (preloaded format=xelatex 2019.4.28)  14 JUN 2019 12:58
entering extended mode
 restricted \write18 enabled.
 %&-line parsing enabled.
**/home/cagatay/thesis/tex/pautez/bolum/sonuclar
(/home/cagatay/thesis/tex/pautez/bolum/sonuclar.tex
LaTeX2e <2018-12-01>
! Undefined control sequence.
l.1 \chapter
            {SONUÇLAR}
? 
! Emergency stop.
l.1 \chapter
            {SONUÇLAR}
End of file on the terminal!

 
Here is how much of TeX's memory you used:
 5 strings out of 492933
 196 string characters out of 6138667
 64308 words of memory out of 5000000
 4143 multiletter control sequences out of 15000+600000
 3640 words of font info for 14 fonts, out of 8000000 for 9000
 1348 hyphenation exceptions out of 8191
 4i,0n,1p,67b,8s stack positions out of 5000i,500n,10000p,200000b,80000s
No pages of output.
